<?xml version="1.0" encoding="UTF-8"?>
<testsuite xmlns:xsi="http://www.w3.org/2001/XMLSchema-instance" xsi:noNamespaceSchemaLocation="https://maven.apache.org/surefire/maven-surefire-plugin/xsd/surefire-test-report-3.0.xsd" version="3.0" name="com.portfolio.stockpricefeed.StockPriceFeedApplicationTests" time="8.534" tests="1" errors="0" skipped="0" failures="0">
  <properties>
[...]
</properties>
  <testcase name="contextLoads" classname="com.portfolio.stockpricefeed.StockPriceFeedApplicationTests" time="0.016">
    <system-out><![CDATA[09:03:02.631 [main] INFO org.springframework.test.context.support.AnnotationConfigContextLoaderUtils -- Could not detect default configuration classes for test class [com.portfolio.stockpricefeed.StockPriceFeedApplicationTests]: StockPriceFeedApplicationTests does not declare any static, non-private, non-final, nested classes annotated with @Configuration.
09:03:02.831 [main] INFO org.springframework.boot.test.context.SpringBootTestContextBootstrapper -- Found @SpringBootConfiguration com.portfolio.stockpricefeed.StockPriceFeedApplication for test class com.portfolio.stockpricefeed.StockPriceFeedApplicationTests
09:03:03.129 [main] INFO org.springframework.boot.devtools.restart.RestartApplicationListener -- Restart disabled due to context in which it is running
  .   ____          _            __ _ _
 /\\ / ___'_ __ _ _(_)_ __  __ _ \ \ \ \
( ( )\___ | '_ | '_| | '_ \/ _` | \ \ \ \
 \\/  ___)| |_)| | | | | || (_| |  ) ) ) )
  '  |____| .__|_| |_|_| |_\__, | / / / /
 =========|_|==============|___/=/_/_/_/

 :: Spring Boot ::                (v3.3.0)

2026-04-08T09:03:03.586+05:30  INFO 30744 --- [StockPriceFeed] [           main] c.p.s.StockPriceFeedApplicationTests     : Starting StockPriceFeedApplicationTests using Java 17.0.9 with PID 30744 (started by vigne in C:\Users\vigne\Downloads\StockPriceFeed\StockPriceFeed\PortfolioAlertsSys\backend)
2026-04-08T09:03:03.589+05:30 DEBUG 30744 --- [StockPriceFeed] [           main] c.p.s.StockPriceFeedApplicationTests     : Running with Spring Boot v3.3.0, Spring v6.1.8
2026-04-08T09:03:03.590+05:30  INFO 30744 --- [StockPriceFeed] [           main] c.p.s.StockPriceFeedApplicationTests     : No active profile set, falling back to 1 default profile: "default"
2026-04-08T09:03:04.742+05:30  INFO 30744 --- [StockPriceFeed] [           main] .s.d.r.c.RepositoryConfigurationDelegate : Bootstrapping Spring Data JPA repositories in DEFAULT mode.
2026-04-08T09:03:04.868+05:30  INFO 30744 --- [StockPriceFeed] [           main] .s.d.r.c.RepositoryConfigurationDelegate : Finished Spring Data repository scanning in 99 ms. Found 3 JPA repository interfaces.
2026-04-08T09:03:05.664+05:30  INFO 30744 --- [StockPriceFeed] [           main] o.hibernate.jpa.internal.util.LogHelper  : HHH000204: Processing PersistenceUnitInfo [name: default]
2026-04-08T09:03:05.777+05:30  INFO 30744 --- [StockPriceFeed] [           main] org.hibernate.Version                    : HHH000412: Hibernate ORM core version 6.5.2.Final
2026-04-08T09:03:05.821+05:30  INFO 30744 --- [StockPriceFeed] [           main] o.h.c.internal.RegionFactoryInitiator    : HHH000026: Second-level cache disabled
2026-04-08T09:03:05.982+05:30  INFO 30744 --- [StockPriceFeed] [           main] o.s.o.j.p.SpringPersistenceUnitInfo      : No LoadTimeWeaver setup: ignoring JPA class transformer
2026-04-08T09:03:06.026+05:30  INFO 30744 --- [StockPriceFeed] [           main] com.zaxxer.hikari.HikariDataSource       : HikariPool-1 - Starting...
2026-04-08T09:03:06.261+05:30  INFO 30744 --- [StockPriceFeed] [           main] com.zaxxer.hikari.pool.HikariPool        : HikariPool-1 - Added connection org.postgresql.jdbc.PgConnection@532ea86b
2026-04-08T09:03:06.264+05:30  INFO 30744 --- [StockPriceFeed] [           main] com.zaxxer.hikari.HikariDataSource       : HikariPool-1 - Start completed.
2026-04-08T09:03:06.337+05:30  WARN 30744 --- [StockPriceFeed] [           main] org.hibernate.orm.deprecation            : HHH90000025: PostgreSQLDialect does not need to be specified explicitly using 'hibernate.dialect' (remove the property setting and it will be selected by default)
2026-04-08T09:03:07.671+05:30  INFO 30744 --- [StockPriceFeed] [           main] o.h.e.t.j.p.i.JtaPlatformInitiator       : HHH000489: No JTA platform available (set 'hibernate.transaction.jta.platform' to enable JTA platform integration)
2026-04-08T09:03:07.771+05:30 DEBUG 30744 --- [StockPriceFeed] [           main] org.hibernate.SQL                        : 
    create table portfolio (
        id bigint generated by default as identity,
        buy_price float(53) not null,
        quantity integer not null,
        stock_symbol varchar(255),
        threshold_price float(53) not null,
        user_id bigint,
        primary key (id)
    )
Hibernate: 
    create table portfolio (
        id bigint generated by default as identity,
        buy_price float(53) not null,
        quantity integer not null,
        stock_symbol varchar(255),
        threshold_price float(53) not null,
        user_id bigint,
        primary key (id)
    )
2026-04-08T09:03:07.804+05:30 DEBUG 30744 --- [StockPriceFeed] [           main] org.hibernate.SQL                        : 
    create table stocks (
        id bigint generated by default as identity,
        company_name varchar(255) not null,
        exchange varchar(255) not null,
        ticker varchar(255) not null,
        primary key (id)
    )
Hibernate: 
    create table stocks (
        id bigint generated by default as identity,
        company_name varchar(255) not null,
        exchange varchar(255) not null,
        ticker varchar(255) not null,
        primary key (id)
    )
2026-04-08T09:03:07.817+05:30 DEBUG 30744 --- [StockPriceFeed] [           main] org.hibernate.SQL                        : 
    create table users (
        id bigint generated by default as identity,
        email varchar(255) not null,
        password varchar(255) not null,
        username varchar(255) not null,
        primary key (id)
    )
Hibernate: 
    create table users (
        id bigint generated by default as identity,
        email varchar(255) not null,
        password varchar(255) not null,
        username varchar(255) not null,
        primary key (id)
    )
2026-04-08T09:03:07.829+05:30 DEBUG 30744 --- [StockPriceFeed] [           main] org.hibernate.SQL                        : 
    alter table if exists stocks 
       drop constraint if exists UKdc5lvqvo1q8wp5gu9kmet905q
Hibernate: 
    alter table if exists stocks 
       drop constraint if exists UKdc5lvqvo1q8wp5gu9kmet905q
2026-04-08T09:03:07.836+05:30  WARN 30744 --- [StockPriceFeed] [           main] o.h.engine.jdbc.spi.SqlExceptionHelper   : SQL Warning Code: 0, SQLState: 00000
2026-04-08T09:03:07.836+05:30  WARN 30744 --- [StockPriceFeed] [           main] o.h.engine.jdbc.spi.SqlExceptionHelper   : constraint "ukdc5lvqvo1q8wp5gu9kmet905q" of relation "stocks" does not exist, skipping
2026-04-08T09:03:07.836+05:30 DEBUG 30744 --- [StockPriceFeed] [           main] org.hibernate.SQL                        : 
    alter table if exists stocks 
       add constraint UKdc5lvqvo1q8wp5gu9kmet905q unique (ticker)
Hibernate: 
    alter table if exists stocks 
       add constraint UKdc5lvqvo1q8wp5gu9kmet905q unique (ticker)
2026-04-08T09:03:07.842+05:30 DEBUG 30744 --- [StockPriceFeed] [           main] org.hibernate.SQL                        : 
    alter table if exists users 
       drop constraint if exists UK6dotkott2kjsp8vw4d0m25fb7
Hibernate: 
    alter table if exists users 
       drop constraint if exists UK6dotkott2kjsp8vw4d0m25fb7
2026-04-08T09:03:07.845+05:30  WARN 30744 --- [StockPriceFeed] [           main] o.h.engine.jdbc.spi.SqlExceptionHelper   : SQL Warning Code: 0, SQLState: 00000
2026-04-08T09:03:07.846+05:30  WARN 30744 --- [StockPriceFeed] [           main] o.h.engine.jdbc.spi.SqlExceptionHelper   : constraint "uk6dotkott2kjsp8vw4d0m25fb7" of relation "users" does not exist, skipping
2026-04-08T09:03:07.846+05:30 DEBUG 30744 --- [StockPriceFeed] [           main] org.hibernate.SQL                        : 
    alter table if exists users 
       add constraint UK6dotkott2kjsp8vw4d0m25fb7 unique (email)
Hibernate: 
    alter table if exists users 
       add constraint UK6dotkott2kjsp8vw4d0m25fb7 unique (email)
2026-04-08T09:03:07.852+05:30 DEBUG 30744 --- [StockPriceFeed] [           main] org.hibernate.SQL                        : 
    alter table if exists users 
       drop constraint if exists UKr43af9ap4edm43mmtq01oddj6
Hibernate: 
    alter table if exists users 
       drop constraint if exists UKr43af9ap4edm43mmtq01oddj6
2026-04-08T09:03:07.855+05:30  WARN 30744 --- [StockPriceFeed] [           main] o.h.engine.jdbc.spi.SqlExceptionHelper   : SQL Warning Code: 0, SQLState: 00000
2026-04-08T09:03:07.855+05:30  WARN 30744 --- [StockPriceFeed] [           main] o.h.engine.jdbc.spi.SqlExceptionHelper   : constraint "ukr43af9ap4edm43mmtq01oddj6" of relation "users" does not exist, skipping
2026-04-08T09:03:07.855+05:30 DEBUG 30744 --- [StockPriceFeed] [           main] org.hibernate.SQL                        : 
    alter table if exists users 
       add constraint UKr43af9ap4edm43mmtq01oddj6 unique (username)
Hibernate: 
    alter table if exists users 
       add constraint UKr43af9ap4edm43mmtq01oddj6 unique (username)
2026-04-08T09:03:07.862+05:30  INFO 30744 --- [StockPriceFeed] [           main] j.LocalContainerEntityManagerFactoryBean : Initialized JPA EntityManagerFactory for persistence unit 'default'
2026-04-08T09:03:08.612+05:30  WARN 30744 --- [StockPriceFeed] [           main] JpaBaseConfiguration$JpaWebConfiguration : spring.jpa.open-in-view is enabled by default. Therefore, database queries may be performed during view rendering. Explicitly configure spring.jpa.open-in-view to disable this warning
2026-04-08T09:03:08.655+05:30  INFO 30744 --- [StockPriceFeed] [           main] eAuthenticationProviderManagerConfigurer : Global AuthenticationManager configured with AuthenticationProvider bean with name authenticationProvider
2026-04-08T09:03:08.656+05:30  WARN 30744 --- [StockPriceFeed] [           main] r$InitializeUserDetailsManagerConfigurer : Global AuthenticationManager configured with an AuthenticationProvider bean. UserDetailsService beans will not be used for username/password login. Consider removing the AuthenticationProvider bean. Alternatively, consider using the UserDetailsService in a manually instantiated DaoAuthenticationProvider.
2026-04-08T09:03:09.071+05:30  INFO 30744 --- [StockPriceFeed] [           main] o.s.s.web.DefaultSecurityFilterChain     : Will secure any request with [org.springframework.security.web.session.DisableEncodeUrlFilter@8cd00bc, org.springframework.security.web.context.request.async.WebAsyncManagerIntegrationFilter@5035c23c, org.springframework.security.web.context.SecurityContextHolderFilter@5f0b2fe1, org.springframework.security.web.header.HeaderWriterFilter@2a9e261d, org.springframework.web.filter.CorsFilter@4149067d, org.springframework.security.web.authentication.logout.LogoutFilter@69ee825c, com.portfolio.stockpricefeed.security.JwtFilter@79408109, org.springframework.security.web.savedrequest.RequestCacheAwareFilter@1fc5791c, org.springframework.security.web.servletapi.SecurityContextHolderAwareRequestFilter@2f6fcc70, org.springframework.security.web.authentication.AnonymousAuthenticationFilter@4d8458a1, org.springframework.security.web.session.SessionManagementFilter@13e76a91, org.springframework.security.web.access.ExceptionTranslationFilter@33ccc8cd, org.springframework.security.web.access.intercept.AuthorizationFilter@253fb3fa]
2026-04-08T09:03:09.871+05:30  INFO 30744 --- [StockPriceFeed] [           main] o.a.k.clients.consumer.ConsumerConfig    : ConsumerConfig values: 
	allow.auto.create.topics = true
	auto.commit.interval.ms = 5000
	auto.include.jmx.reporter = true
	auto.offset.reset = earliest
	bootstrap.servers = [localhost:9092]
	check.crcs = true
	client.dns.lookup = use_all_dns_ips
	client.id = consumer-portfolio-group-1
	client.rack = 
	connections.max.idle.ms = 540000
	default.api.timeout.ms = 60000
	enable.auto.commit = false
	enable.metrics.push = true
	exclude.internal.topics = true
	fetch.max.bytes = 52428800
	fetch.max.wait.ms = 500
	fetch.min.bytes = 1
	group.id = portfolio-group
	group.instance.id = null
	group.protocol = classic
	group.remote.assignor = null
	heartbeat.interval.ms = 3000
	interceptor.classes = []
	internal.leave.group.on.close = true
	internal.throw.on.fetch.stable.offset.unsupported = false
	isolation.level = read_uncommitted
	key.deserializer = class org.apache.kafka.common.serialization.StringDeserializer
	max.partition.fetch.bytes = 1048576
	max.poll.interval.ms = 300000
	max.poll.records = 500
	metadata.max.age.ms = 300000
	metric.reporters = []
	metrics.num.samples = 2
	metrics.recording.level = INFO
	metrics.sample.window.ms = 30000
	partition.assignment.strategy = [class org.apache.kafka.clients.consumer.RangeAssignor, class org.apache.kafka.clients.consumer.CooperativeStickyAssignor]
	receive.buffer.bytes = 65536
	reconnect.backoff.max.ms = 1000
	reconnect.backoff.ms = 50
	request.timeout.ms = 30000
	retry.backoff.max.ms = 1000
	retry.backoff.ms = 100
	sasl.client.callback.handler.class = null
	sasl.jaas.config = null
	sasl.kerberos.kinit.cmd = /usr/bin/kinit
	sasl.kerberos.min.time.before.relogin = 60000
	sasl.kerberos.service.name = null
	sasl.kerberos.ticket.renew.jitter = 0.05
	sasl.kerberos.ticket.renew.window.factor = 0.8
	sasl.login.callback.handler.class = null
	sasl.login.class = null
	sasl.login.connect.timeout.ms = null
	sasl.login.read.timeout.ms = null
	sasl.login.refresh.buffer.seconds = 300
	sasl.login.refresh.min.period.seconds = 60
	sasl.login.refresh.window.factor = 0.8
	sasl.login.refresh.window.jitter = 0.05
	sasl.login.retry.backoff.max.ms = 10000
	sasl.login.retry.backoff.ms = 100
	sasl.mechanism = GSSAPI
	sasl.oauthbearer.clock.skew.seconds = 30
	sasl.oauthbearer.expected.audience = null
	sasl.oauthbearer.expected.issuer = null
	sasl.oauthbearer.jwks.endpoint.refresh.ms = 3600000
	sasl.oauthbearer.jwks.endpoint.retry.backoff.max.ms = 10000
	sasl.oauthbearer.jwks.endpoint.retry.backoff.ms = 100
	sasl.oauthbearer.jwks.endpoint.url = null
	sasl.oauthbearer.scope.claim.name = scope
	sasl.oauthbearer.sub.claim.name = sub
	sasl.oauthbearer.token.endpoint.url = null
	security.protocol = PLAINTEXT
	security.providers = null
	send.buffer.bytes = 131072
	session.timeout.ms = 45000
	socket.connection.setup.timeout.max.ms = 30000
	socket.connection.setup.timeout.ms = 10000
	ssl.cipher.suites = null
	ssl.enabled.protocols = [TLSv1.2, TLSv1.3]
	ssl.endpoint.identification.algorithm = https
	ssl.engine.factory.class = null
	ssl.key.password = null
	ssl.keymanager.algorithm = SunX509
	ssl.keystore.certificate.chain = null
	ssl.keystore.key = null
	ssl.keystore.location = null
	ssl.keystore.password = null
	ssl.keystore.type = JKS
	ssl.protocol = TLSv1.3
	ssl.provider = null
	ssl.secure.random.implementation = null
	ssl.trustmanager.algorithm = PKIX
	ssl.truststore.certificates = null
	ssl.truststore.location = null
	ssl.truststore.password = null
	ssl.truststore.type = JKS
	value.deserializer = class org.springframework.kafka.support.serializer.JsonDeserializer

2026-04-08T09:03:09.948+05:30  INFO 30744 --- [StockPriceFeed] [           main] o.a.k.c.t.i.KafkaMetricsCollector        : initializing Kafka metrics collector
2026-04-08T09:03:10.191+05:30  INFO 30744 --- [StockPriceFeed] [           main] o.a.kafka.common.utils.AppInfoParser     : Kafka version: 3.7.0
2026-04-08T09:03:10.191+05:30  INFO 30744 --- [StockPriceFeed] [           main] o.a.kafka.common.utils.AppInfoParser     : Kafka commitId: 2ae524ed625438c5
2026-04-08T09:03:10.191+05:30  INFO 30744 --- [StockPriceFeed] [           main] o.a.kafka.common.utils.AppInfoParser     : Kafka startTimeMs: 1775619190189
2026-04-08T09:03:10.195+05:30  INFO 30744 --- [StockPriceFeed] [           main] o.a.k.c.c.internals.LegacyKafkaConsumer  : [Consumer clientId=consumer-portfolio-group-1, groupId=portfolio-group] Subscribed to topic(s): stock-price-topic
2026-04-08T09:03:10.218+05:30  INFO 30744 --- [StockPriceFeed] [           main] c.p.s.StockPriceFeedApplicationTests     : Started StockPriceFeedApplicationTests in 7.117 seconds (process running for 10.348)
2026-04-08T09:03:10.795+05:30 DEBUG 30744 --- [StockPriceFeed] [           main] org.hibernate.SQL                        : 
    select
        count(*) 
    from
        portfolio p1_0
Hibernate: 
    select
        count(*) 
    from
        portfolio p1_0
2026-04-08T09:03:10.818+05:30  INFO 30744 --- [StockPriceFeed] [           main] c.p.stockpricefeed.config.DataSeeder     : Seeding sample portfolio data for userId=1...
2026-04-08T09:03:10.868+05:30 DEBUG 30744 --- [StockPriceFeed] [           main] org.hibernate.SQL                        : 
    insert 
    into
        portfolio
        (buy_price, quantity, stock_symbol, threshold_price, user_id) 
    values
        (?, ?, ?, ?, ?) 
    returning id
Hibernate: 
    insert 
    into
        portfolio
        (buy_price, quantity, stock_symbol, threshold_price, user_id) 
    values
        (?, ?, ?, ?, ?) 
    returning id
2026-04-08T09:03:10.918+05:30  INFO 30744 --- [StockPriceFeed] [ntainer#0-0-C-1] org.apache.kafka.clients.NetworkClient   : [Consumer clientId=consumer-portfolio-group-1, groupId=portfolio-group] Node -1 disconnected.
2026-04-08T09:03:10.921+05:30  WARN 30744 --- [StockPriceFeed] [ntainer#0-0-C-1] org.apache.kafka.clients.NetworkClient   : [Consumer clientId=consumer-portfolio-group-1, groupId=portfolio-group] Connection to node -1 (localhost/127.0.0.1:9092) could not be established. Node may not be available.
2026-04-08T09:03:10.921+05:30  WARN 30744 --- [StockPriceFeed] [ntainer#0-0-C-1] org.apache.kafka.clients.NetworkClient   : [Consumer clientId=consumer-portfolio-group-1, groupId=portfolio-group] Bootstrap broker localhost:9092 (id: -1 rack: null) disconnected
2026-04-08T09:03:10.926+05:30 DEBUG 30744 --- [StockPriceFeed] [           main] org.hibernate.SQL                        : 
    insert 
    into
        portfolio
        (buy_price, quantity, stock_symbol, threshold_price, user_id) 
    values
        (?, ?, ?, ?, ?) 
    returning id
Hibernate: 
    insert 
    into
        portfolio
        (buy_price, quantity, stock_symbol, threshold_price, user_id) 
    values
        (?, ?, ?, ?, ?) 
    returning id
2026-04-08T09:03:10.931+05:30 DEBUG 30744 --- [StockPriceFeed] [           main] org.hibernate.SQL                        : 
    insert 
    into
        portfolio
        (buy_price, quantity, stock_symbol, threshold_price, user_id) 
    values
        (?, ?, ?, ?, ?) 
    returning id
Hibernate: 
    insert 
    into
        portfolio
        (buy_price, quantity, stock_symbol, threshold_price, user_id) 
    values
        (?, ?, ?, ?, ?) 
    returning id
2026-04-08T09:03:10.937+05:30 DEBUG 30744 --- [StockPriceFeed] [           main] org.hibernate.SQL                        : 
    insert 
    into
        portfolio
        (buy_price, quantity, stock_symbol, threshold_price, user_id) 
    values
        (?, ?, ?, ?, ?) 
    returning id
Hibernate: 
    insert 
    into
        portfolio
        (buy_price, quantity, stock_symbol, threshold_price, user_id) 
    values
        (?, ?, ?, ?, ?) 
    returning id
2026-04-08T09:03:10.941+05:30  INFO 30744 --- [StockPriceFeed] [           main] c.p.stockpricefeed.config.DataSeeder     : Seeded 4 portfolio entries for userId=1.
]]></system-out>
  </testcase>
</testsuite>